<?xml version="1.0" encoding="UTF-8"?>
<!-- Generated by org.testng.reporters.JUnitXMLReporter -->
<testsuite ignored="0" hostname="Nancy-Emad" failures="0" tests="4" name="Default test" time="20.455" errors="0" timestamp="2022-09-24T17:11:07 EET">
  <testcase classname="itworx.itworx.FootballStatusTestCases" name="getTop20Scores" time="2.119"/>
  <testcase classname="itworx.itworx.FootballStatusTestCases" name="languageVerification" time="0.033"/>
  <testcase classname="itworx.itworx.FootballStatusTestCases" name="verifyHighestTeam" time="1.284"/>
  <testcase classname="itworx.itworx.FootballStatusTestCases" name="verifyHighestTeam" time="1.029"/>
</testsuite> <!-- Default test -->
